
  ╔══════════════════════════════════════╗
  ║         PilotCode Server             ║
  ╠══════════════════════════════════════╣
  ║  http://localhost:3456              ║
  ║                                      ║
  ║  Auth token: 7632dfb9...2a5e              ║
  ╚══════════════════════════════════════╝
  
  Full token: 7632dfb9fdaeee4c22f66dddddf22a5e


  ╔══════════════════════════════════════╗
  ║         PilotCode Server             ║
  ╠══════════════════════════════════════╣
  ║  http://localhost:3456              ║
  ║                                      ║
  ║  Auth token: 7632dfb9...2a5e              ║
  ╚══════════════════════════════════════╝
  
  Full token: 7632dfb9fdaeee4c22f66dddddf22a5e


  ╔══════════════════════════════════════╗
  ║         PilotCode Server             ║
  ╠══════════════════════════════════════╣
  ║  http://localhost:3456              ║
  ║                                      ║
  ║  Auth token: 7632dfb9...2a5e              ║
  ╚══════════════════════════════════════╝
  
  Full token: 7632dfb9fdaeee4c22f66dddddf22a5e


  ╔══════════════════════════════════════╗
  ║         PilotCode Server             ║
  ╠══════════════════════════════════════╣
  ║  http://localhost:3456              ║
  ║                                      ║
  ║  Auth token: 7632dfb9...2a5e              ║
  ╚══════════════════════════════════════╝
  
  Full token: 7632dfb9fdaeee4c22f66dddddf22a5e

